2020/04/03 16:32:52 にビルドを開始しました。
     1>ノード 2 上のプロジェクト "C:\Users\sakai\Desktop\スキン\GameProgramming\GameProgramming.vcxproj" (Build ターゲット)。
     1>ClCompile:
         C:\Program Files (x86)\Microsoft Visual Studio 12.0\VC\bin\CL.exe /c /ZI /nologo /W3 /WX- /Od /Oy- /D WIN32 /D _DEBUG /D _CONSOLE /D _LIB /Gm /EHsc /RTC1 /MDd /GS /fp:precise /Zc:wchar_t /Zc:forScope /Fo"Debug\\" /Fd"Debug\vc120.pdb" /Gd /TP /analyze- /errorReport:prompt CCharacter.cpp
         CCharacter.cpp
     1>c:\users\sakai\desktop\スキン\gameprogramming\ctexture.h(76): warning C4996: 'fopen': This function or variable may be unsafe. Consider using fopen_s instead. To disable deprecation, use _CRT_SECURE_NO_WARNINGS. See online help for details.
                 c:\program files (x86)\microsoft visual studio 12.0\vc\include\stdio.h(211) : 'fopen' の宣言を確認してください。
     1>c:\users\sakai\desktop\スキン\gameprogramming\ctexture.h(83): warning C4996: 'strcpy': This function or variable may be unsafe. Consider using strcpy_s instead. To disable deprecation, use _CRT_SECURE_NO_WARNINGS. See online help for details.
                 c:\program files (x86)\microsoft visual studio 12.0\vc\include\string.h(112) : 'strcpy' の宣言を確認してください。
     1>c:\users\sakai\desktop\スキン\gameprogramming\cmodel.h(69): warning C4018: '<' : signed と unsigned の数値を比較しようとしました。
     1>c:\users\sakai\desktop\スキン\gameprogramming\cmodel.h(139): warning C4018: '<' : signed と unsigned の数値を比較しようとしました。
       Link:
         C:\Program Files (x86)\Microsoft Visual Studio 12.0\VC\bin\link.exe /ERRORREPORT:PROMPT /OUT:"C:\Users\sakai\Desktop\スキン\Debug\GameProgramming.exe" /INCREMENTAL /NOLOGO glew32.lib glfw3.lib glfw3dll.lib glut32.lib kernel32.lib user32.lib gdi32.lib winspool.lib comdlg32.lib advapi32.lib shell32.lib ole32.lib oleaut32.lib uuid.lib odbc32.lib odbccp32.lib /MANIFEST /MANIFESTUAC:"level='asInvoker' uiAccess='false'" /manifest:embed /DEBUG /PDB:"C:\Users\sakai\Desktop\スキン\Debug\GameProgramming.pdb" /TLBID:1 /DYNAMICBASE /NXCOMPAT /IMPLIB:"C:\Users\sakai\Desktop\スキン\Debug\GameProgramming.lib" /MACHINE:X86 Debug\CMatrix33.obj
         Debug\CVector2.obj
         Debug\C3DBox.obj
         Debug\CBall.obj
         Debug\CBar.obj
         Debug\CBox.obj
         Debug\CCamera.obj
         Debug\CCharacter.obj
         Debug\CCollider.obj
         Debug\CCollisionManager.obj
         Debug\CFire.obj
         Debug\CKey.obj
         Debug\CMaterial.obj
         Debug\CMatrix.obj
         Debug\CMatrix44.obj
         Debug\CModel.obj
         Debug\CParts.obj
         Debug\CPin.obj
         Debug\CPin2.obj
         Debug\CRectangle.obj
         Debug\CSceneGame.obj
         Debug\CSceneManager.obj
         Debug\CTask.obj
         Debug\CTriangle.obj
         Debug\CVector3.obj
         Debug\CVector4.obj
         Debug\stage.obj
         Debug\CVector.obj
         Debug\Update.obj
         Debug\main.obj
         GameProgramming.vcxproj -> C:\Users\sakai\Desktop\スキン\Debug\GameProgramming.exe
     1>プロジェクト "C:\Users\sakai\Desktop\スキン\GameProgramming\GameProgramming.vcxproj" (Build ターゲット) のビルドが完了しました。

ビルドに成功しました。

経過時間 00:00:01.43
